Using pre-set license
Built from '2020.3/staging' branch; Version is '2020.3.30f1 (1fb1bf06830e) revision 2077119'; Using compiler version '192528614'; Build Type 'Release'
OS: 'Windows 10  (10.0.19044) 64bit Professional' Language: 'ko' Physical Memory: 15682 MB
BatchMode: 1, IsHumanControllingUs: 0, StartBugReporterOnCrash: 0, Is64bit: 1, IsPro: 0

COMMAND LINE ARGUMENTS:
C:\Program Files\Unity\Hub\Editor\2020.3.30f1\Editor\Unity.exe
-adb2
-batchMode
-noUpm
-name
AssetImportWorker0
-projectPath
C:/Users/PKNU/Realm Rush
-logFile
Logs/AssetImportWorker0.log
-srvPort
9630
Successfully changed project path to: C:/Users/PKNU/Realm Rush
C:/Users/PKNU/Realm Rush
Using Asset Import Pipeline V2.
Refreshing native plugins compatible for Editor in 35.86 ms, found 2 plugins.
Preloading 0 native plugins for Editor in 0.00 ms.
Initialize engine version: 2020.3.30f1 (1fb1bf06830e)
[Subsystems] Discovering subsystems at path C:/Program Files/Unity/Hub/Editor/2020.3.30f1/Editor/Data/Resources/UnitySubsystems
[Subsystems] Discovering subsystems at path C:/Users/PKNU/Realm Rush/Assets
GfxDevice: creating device client; threaded=0
Direct3D:
    Version:  Direct3D 11.0 [level 11.1]
    Renderer: AMD Radeon(TM) Graphics (ID=0x1636)
    Vendor:   
    VRAM:     7841 MB
    Driver:   30.0.13023.4001
Initialize mono
Mono path[0] = 'C:/Program Files/Unity/Hub/Editor/2020.3.30f1/Editor/Data/Managed'
Mono path[1] = 'C:/Program Files/Unity/Hub/Editor/2020.3.30f1/Editor/Data/MonoBleedingEdge/lib/mono/unityjit'
Mono config path = 'C:/Program Files/Unity/Hub/Editor/2020.3.30f1/Editor/Data/MonoBleedingEdge/etc'
Using monoOptions --debugger-agent=transport=dt_socket,embedding=1,server=y,suspend=n,address=127.0.0.1:56416
Begin MonoManager ReloadAssembly
Registering precompiled unity dll's ...
Register platform support module: C:/Program Files/Unity/Hub/Editor/2020.3.30f1/Editor/Data/PlaybackEngines/WebGLSupport/UnityEditor.WebGL.Extensions.dll
Register platform support module: C:/Program Files/Unity/Hub/Editor/2020.3.30f1/Editor/Data/PlaybackEngines/WindowsStandaloneSupport/UnityEditor.WindowsStandalone.Extensions.dll
Registered in 0.005448 seconds.
Native extension for WindowsStandalone target not found
Native extension for WebGL target not found
Refreshing native plugins compatible for Editor in 32.34 ms, found 2 plugins.
Preloading 0 native plugins for Editor in 0.00 ms.
Mono: successfully reloaded assembly
- Completed reload, in  0.615 seconds
Domain Reload Profiling:
	ReloadAssembly (616ms)
		BeginReloadAssembly (98ms)
			ExecutionOrderSort (0ms)
			DisableScriptedObjects (0ms)
			BackupInstance (0ms)
			ReleaseScriptingObjects (0ms)
			CreateAndSetChildDomain (1ms)
		EndReloadAssembly (429ms)
			LoadAssemblies (95ms)
			RebuildTransferFunctionScriptingTraits (0ms)
			SetupTypeCache (136ms)
			ReleaseScriptCaches (0ms)
			RebuildScriptCaches (27ms)
			SetupLoadedEditorAssemblies (154ms)
				LogAssemblyErrors (0ms)
				InitializePlatformSupportModulesInManaged (6ms)
				SetLoadedEditorAssemblies (0ms)
				RefreshPlugins (32ms)
				BeforeProcessingInitializeOnLoad (16ms)
				ProcessInitializeOnLoadAttributes (73ms)
				ProcessInitializeOnLoadMethodAttributes (26ms)
				AfterProcessingInitializeOnLoad (0ms)
				EditorAssembliesLoaded (0ms)
			ExecutionOrderSort2 (0ms)
			AwakeInstancesAfterBackupRestoration (0ms)
Platform modules already initialized, skipping
Registering precompiled user dll's ...
Registered in 0.006806 seconds.
Begin MonoManager ReloadAssembly
Native extension for WindowsStandalone target not found
Native extension for WebGL target not found
Refreshing native plugins compatible for Editor in 0.36 ms, found 2 plugins.
Preloading 0 native plugins for Editor in 0.00 ms.
Mono: successfully reloaded assembly
- Completed reload, in  1.067 seconds
Domain Reload Profiling:
	ReloadAssembly (1068ms)
		BeginReloadAssembly (177ms)
			ExecutionOrderSort (0ms)
			DisableScriptedObjects (4ms)
			BackupInstance (0ms)
			ReleaseScriptingObjects (0ms)
			CreateAndSetChildDomain (20ms)
		EndReloadAssembly (816ms)
			LoadAssemblies (128ms)
			RebuildTransferFunctionScriptingTraits (0ms)
			SetupTypeCache (258ms)
			ReleaseScriptCaches (0ms)
			RebuildScriptCaches (40ms)
			SetupLoadedEditorAssemblies (326ms)
				LogAssemblyErrors (0ms)
				InitializePlatformSupportModulesInManaged (6ms)
				SetLoadedEditorAssemblies (0ms)
				RefreshPlugins (0ms)
				BeforeProcessingInitializeOnLoad (96ms)
				ProcessInitializeOnLoadAttributes (197ms)
				ProcessInitializeOnLoadMethodAttributes (9ms)
				AfterProcessingInitializeOnLoad (17ms)
				EditorAssembliesLoaded (0ms)
			ExecutionOrderSort2 (0ms)
			AwakeInstancesAfterBackupRestoration (7ms)
Platform modules already initialized, skipping
========================================================================
Worker process is ready to serve import requests
Launched and connected shader compiler UnityShaderCompiler.exe after 0.06 seconds
Refreshing native plugins compatible for Editor in 0.38 ms, found 2 plugins.
Preloading 0 native plugins for Editor in 0.00 ms.
Unloading 1524 Unused Serialized files (Serialized files now loaded: 0)
System memory in use before: 74.4 MB.
System memory in use after: 74.5 MB.

Unloading 16 unused Assets to reduce memory usage. Loaded Objects now: 1960.
Total: 2.843200 ms (FindLiveObjects: 0.176900 ms CreateObjectMapping: 0.050500 ms MarkObjects: 2.539800 ms  DeleteObjects: 0.074300 ms)

AssetImportParameters requested are different than current active one (requested -> active):
  custom:framework-win-MediaFoundation: 216162199b28c13a410421893ffa2e32 -> 
  custom:video-decoder-ogg-theora: a1e56fd34408186e4bbccfd4996cb3dc -> 
  custom:container-muxer-webm: aa71ff27fc2769a1b78a27578f13a17b -> 
  custom:container-demuxer-webm: 4f35f7cbe854078d1ac9338744f61a02 -> 
  custom:container-demuxer-ogg: 62fdf1f143b41e24485cea50d1cbac27 -> 
  custom:video-encoder-webm-vp8: eb34c28f22e8b96e1ab97ce403110664 -> 
  custom:video-decoder-webm-vp8: 9c59270c3fd7afecdb556c50c9e8de78 -> 
  custom:audio-decoder-ogg-vorbis: bf7c407c2cedff20999df2af8eb42d56 -> 
  custom:audio-encoder-webm-vorbis: bf7c407c2cedff20999df2af8eb42d56 -> 
========================================================================
Received Import Request.
  path: Assets/AssetPacks/VoxelCastle/Models/Road_Corner.mtl
  artifactKey: Guid(62361d3025ac9fc49b5b43a686bc074d) Importer(815301076,1909f56bfc062723c751e8b465ee728b)
Start importing Assets/AssetPacks/VoxelCastle/Models/Road_Corner.mtl using Guid(62361d3025ac9fc49b5b43a686bc074d) Importer(815301076,1909f56bfc062723c751e8b465ee728b)  -> (artifact id: '2aba8db32f784893cb1097d6daadbe61') in 0.048571 seconds 
========================================================================
Received Import Request.
  Time since last request: 0.003957 seconds.
  path: Assets/AssetPacks/VoxelCastle/Models
  artifactKey: Guid(06cdbb83bf449b949b481f4e3754af14) Importer(815301076,1909f56bfc062723c751e8b465ee728b)
Start importing Assets/AssetPacks/VoxelCastle/Models using Guid(06cdbb83bf449b949b481f4e3754af14) Importer(815301076,1909f56bfc062723c751e8b465ee728b)  -> (artifact id: '539992ddbdbebaefab03e0cc5cbe4d70') in 0.004374 seconds 
========================================================================
Received Import Request.
  Time since last request: 0.004283 seconds.
  path: Assets/AssetPacks/TextMesh Pro/Shaders/TMPro_Surface.cginc
  artifactKey: Guid(d930090c0cd643c7b55f19a38538c162) Importer(815301076,1909f56bfc062723c751e8b465ee728b)
Start importing Assets/AssetPacks/TextMesh Pro/Shaders/TMPro_Surface.cginc using Guid(d930090c0cd643c7b55f19a38538c162) Importer(815301076,1909f56bfc062723c751e8b465ee728b)  -> (artifact id: '7a635ec737c90890fe650212c09c6b5b') in 0.008784 seconds 
========================================================================
Received Import Request.
  Time since last request: 0.004295 seconds.
  path: Assets/AssetPacks/VoxelCastle/Models/Shore_3.mtl
  artifactKey: Guid(6a3e7da818ed9cb4496762aa1cedc7a5) Importer(815301076,1909f56bfc062723c751e8b465ee728b)
Start importing Assets/AssetPacks/VoxelCastle/Models/Shore_3.mtl using Guid(6a3e7da818ed9cb4496762aa1cedc7a5) Importer(815301076,1909f56bfc062723c751e8b465ee728b)  -> (artifact id: '7eeed83371bf4a2cf981a09384855d62') in 0.005047 seconds 
========================================================================
Received Import Request.
  Time since last request: 0.002912 seconds.
  path: Assets/AssetPacks/TextMesh Pro/Shaders
  artifactKey: Guid(e9f693669af91aa45ad615fc681ed29f) Importer(815301076,1909f56bfc062723c751e8b465ee728b)
Start importing Assets/AssetPacks/TextMesh Pro/Shaders using Guid(e9f693669af91aa45ad615fc681ed29f) Importer(815301076,1909f56bfc062723c751e8b465ee728b)  -> (artifact id: '486066d15e4e2d1f404625b357b63227') in 0.004296 seconds 
========================================================================
Received Import Request.
  Time since last request: 0.032742 seconds.
  path: Assets/AssetPacks/VoxelCastle/Models/Tower_Standing.mtl
  artifactKey: Guid(b6fea74b98b020c4ca1ee906ff8da650) Importer(815301076,1909f56bfc062723c751e8b465ee728b)
Start importing Assets/AssetPacks/VoxelCastle/Models/Tower_Standing.mtl using Guid(b6fea74b98b020c4ca1ee906ff8da650) Importer(815301076,1909f56bfc062723c751e8b465ee728b)  -> (artifact id: 'e055160596b23c5b75eb17f6108ca8e0') in 0.005270 seconds 
========================================================================
Received Import Request.
  Time since last request: 0.004044 seconds.
  path: Assets/AssetPacks/VoxelCastle/Models/Ballisa_Top.mtl
  artifactKey: Guid(794dca7d7a48f2f4d8287695b123faea) Importer(815301076,1909f56bfc062723c751e8b465ee728b)
Start importing Assets/AssetPacks/VoxelCastle/Models/Ballisa_Top.mtl using Guid(794dca7d7a48f2f4d8287695b123faea) Importer(815301076,1909f56bfc062723c751e8b465ee728b)  -> (artifact id: '40d2835d2b9cac96d499eabac266b979') in 0.005054 seconds 
========================================================================
Received Import Request.
  Time since last request: 0.015197 seconds.
  path: Assets/AssetPacks/TextMesh Pro/Resources/LineBreaking Following Characters.txt
  artifactKey: Guid(fade42e8bc714b018fac513c043d323b) Importer(815301076,1909f56bfc062723c751e8b465ee728b)
Start importing Assets/AssetPacks/TextMesh Pro/Resources/LineBreaking Following Characters.txt using Guid(fade42e8bc714b018fac513c043d323b) Importer(815301076,1909f56bfc062723c751e8b465ee728b)  -> (artifact id: 'c84519695b966c8ddf8d325a6adc21d0') in 0.019857 seconds 
========================================================================
Received Import Request.
  Time since last request: 0.011193 seconds.
  path: Assets/AssetPacks/TextMesh Pro/Fonts
  artifactKey: Guid(6ab70aee4d56447429c680537fbf93ed) Importer(815301076,1909f56bfc062723c751e8b465ee728b)
Start importing Assets/AssetPacks/TextMesh Pro/Fonts using Guid(6ab70aee4d56447429c680537fbf93ed) Importer(815301076,1909f56bfc062723c751e8b465ee728b)  -> (artifact id: 'c860dfdf0522eec1202f36843e52d436') in 0.005060 seconds 
========================================================================
Received Import Request.
  Time since last request: 0.004894 seconds.
  path: Assets/AssetPacks/VoxelCastle/Models/Ballisa_Base.mtl
  artifactKey: Guid(08f4f1e260e1ac64e853d51077f03ec7) Importer(815301076,1909f56bfc062723c751e8b465ee728b)
Start importing Assets/AssetPacks/VoxelCastle/Models/Ballisa_Base.mtl using Guid(08f4f1e260e1ac64e853d51077f03ec7) Importer(815301076,1909f56bfc062723c751e8b465ee728b)  -> (artifact id: '76aee006ef789b2eb8afb0c23a9b729f') in 0.004692 seconds 
========================================================================
Received Import Request.
  Time since last request: 0.028696 seconds.
  path: Assets/AssetPacks/VoxelCastle/Models/Gate_2.mtl
  artifactKey: Guid(ce8baa6aa162c674ea203ff9421586b3) Importer(815301076,1909f56bfc062723c751e8b465ee728b)
Start importing Assets/AssetPacks/VoxelCastle/Models/Gate_2.mtl using Guid(ce8baa6aa162c674ea203ff9421586b3) Importer(815301076,1909f56bfc062723c751e8b465ee728b)  -> (artifact id: '9e29b595f8f789efd527abd1d502c7c7') in 0.004763 seconds 
========================================================================
Received Import Request.
  Time since last request: 0.042564 seconds.
  path: Assets/AssetPacks/TextMesh Pro/Shaders/TMP_Bitmap-Custom-Atlas.shader
  artifactKey: Guid(48bb5f55d8670e349b6e614913f9d910) Importer(815301076,1909f56bfc062723c751e8b465ee728b)
Start importing Assets/AssetPacks/TextMesh Pro/Shaders/TMP_Bitmap-Custom-Atlas.shader using Guid(48bb5f55d8670e349b6e614913f9d910) Importer(815301076,1909f56bfc062723c751e8b465ee728b)  -> (artifact id: 'aac0467ad3e41836332f2df358582d26') in 0.007613 seconds 
========================================================================
Received Import Request.
  Time since last request: 0.010091 seconds.
  path: Assets/AssetPacks/VoxelCastle/Models/Wall_Straight.mtl
  artifactKey: Guid(6614c4ba2cbbce74bb6dfb3f4eb66e7b) Importer(815301076,1909f56bfc062723c751e8b465ee728b)
Start importing Assets/AssetPacks/VoxelCastle/Models/Wall_Straight.mtl using Guid(6614c4ba2cbbce74bb6dfb3f4eb66e7b) Importer(815301076,1909f56bfc062723c751e8b465ee728b)  -> (artifact id: '629bc8020f7a6f4146577c8795e9d917') in 0.004833 seconds 
========================================================================
Received Import Request.
  Time since last request: 0.022777 seconds.
  path: Assets/AssetPacks/TextMesh Pro/Resources/Style Sheets/Default Style Sheet.asset
  artifactKey: Guid(f952c082cb03451daed3ee968ac6c63e) Importer(815301076,1909f56bfc062723c751e8b465ee728b)
Start importing Assets/AssetPacks/TextMesh Pro/Resources/Style Sheets/Default Style Sheet.asset using Guid(f952c082cb03451daed3ee968ac6c63e) Importer(815301076,1909f56bfc062723c751e8b465ee728b)  -> (artifact id: '99846f5a5cef2b9fb3476a6a84d35918') in 0.009287 seconds 
========================================================================
Received Import Request.
  Time since last request: 0.024654 seconds.
  path: Assets/AssetPacks/VoxelCastle/Models/Water_Open.mtl
  artifactKey: Guid(7a5489208e4ec88438d03e05a631c5f9) Importer(815301076,1909f56bfc062723c751e8b465ee728b)
Start importing Assets/AssetPacks/VoxelCastle/Models/Water_Open.mtl using Guid(7a5489208e4ec88438d03e05a631c5f9) Importer(815301076,1909f56bfc062723c751e8b465ee728b)  -> (artifact id: '8b79c6f3633d611990f1e15e4f665384') in 0.005798 seconds 
========================================================================
Received Import Request.
  Time since last request: 0.017439 seconds.
  path: Assets/AssetPacks/VoxelCastle/Models/Tower_Right.mtl
  artifactKey: Guid(5cb29070ecd68244aa24d897388bf9ca) Importer(815301076,1909f56bfc062723c751e8b465ee728b)
Start importing Assets/AssetPacks/VoxelCastle/Models/Tower_Right.mtl using Guid(5cb29070ecd68244aa24d897388bf9ca) Importer(815301076,1909f56bfc062723c751e8b465ee728b)  -> (artifact id: '6fe6ed040a22fc5642ab22c0ab2e5f40') in 0.005087 seconds 
========================================================================
Received Import Request.
  Time since last request: 0.006085 seconds.
  path: Assets/AssetPacks/TextMesh Pro/Resources/Sprite Assets/EmojiOne.asset
  artifactKey: Guid(c41005c129ba4d66911b75229fd70b45) Importer(815301076,1909f56bfc062723c751e8b465ee728b)
Start importing Assets/AssetPacks/TextMesh Pro/Resources/Sprite Assets/EmojiOne.asset using Guid(c41005c129ba4d66911b75229fd70b45) Importer(815301076,1909f56bfc062723c751e8b465ee728b)  -> (artifact id: '093a2cdfc4701742cd4e2e9653a3929b') in 0.012302 seconds 
========================================================================
Received Import Request.
  Time since last request: 0.010888 seconds.
  path: Assets/AssetPacks/VoxelCastle/Models/Tree_Large.mtl
  artifactKey: Guid(221263929f4ba1f48bfe3898cec4c6fa) Importer(815301076,1909f56bfc062723c751e8b465ee728b)
Start importing Assets/AssetPacks/VoxelCastle/Models/Tree_Large.mtl using Guid(221263929f4ba1f48bfe3898cec4c6fa) Importer(815301076,1909f56bfc062723c751e8b465ee728b)  -> (artifact id: '3ad1e64c07bf15572c93c611710577cf') in 0.005055 seconds 
========================================================================
Received Import Request.
  Time since last request: 0.004395 seconds.
  path: Assets/AssetPacks/TextMesh Pro/Shaders/TMP_Sprite.shader
  artifactKey: Guid(cf81c85f95fe47e1a27f6ae460cf182c) Importer(815301076,1909f56bfc062723c751e8b465ee728b)
Start importing Assets/AssetPacks/TextMesh Pro/Shaders/TMP_Sprite.shader using Guid(cf81c85f95fe47e1a27f6ae460cf182c) Importer(815301076,1909f56bfc062723c751e8b465ee728b)  -> (artifact id: 'ccbae71392eb11caf5302891366b194c') in 0.005182 seconds 
========================================================================
Received Import Request.
  Time since last request: 0.004639 seconds.
  path: Assets/AssetPacks/TextMesh Pro/Sprites/EmojiOne Attribution.txt
  artifactKey: Guid(381dcb09d5029d14897e55f98031fca5) Importer(815301076,1909f56bfc062723c751e8b465ee728b)
Start importing Assets/AssetPacks/TextMesh Pro/Sprites/EmojiOne Attribution.txt using Guid(381dcb09d5029d14897e55f98031fca5) Importer(815301076,1909f56bfc062723c751e8b465ee728b)  -> (artifact id: 'a93e932dc712dec422b2d5903b71fff9') in 0.005315 seconds 
========================================================================
Received Import Request.
  Time since last request: 0.043917 seconds.
  path: Assets/AssetPacks/TextMesh Pro/Resources/Sprite Assets
  artifactKey: Guid(512a49d95c0c4332bdd98131869c23c9) Importer(815301076,1909f56bfc062723c751e8b465ee728b)
Start importing Assets/AssetPacks/TextMesh Pro/Resources/Sprite Assets using Guid(512a49d95c0c4332bdd98131869c23c9) Importer(815301076,1909f56bfc062723c751e8b465ee728b)  -> (artifact id: 'b31814b8e9a6a2d42a48cf87797f0e5e') in 0.005729 seconds 
========================================================================
Received Import Request.
  Time since last request: 0.036952 seconds.
  path: Assets/AssetPacks/VoxelCastle/Models/Road_Straight.mtl
  artifactKey: Guid(ff4b0a78b892d3246aa7b9a2bfa9b734) Importer(815301076,1909f56bfc062723c751e8b465ee728b)
Start importing Assets/AssetPacks/VoxelCastle/Models/Road_Straight.mtl using Guid(ff4b0a78b892d3246aa7b9a2bfa9b734) Importer(815301076,1909f56bfc062723c751e8b465ee728b)  -> (artifact id: '7d0d024869e54df880d9158914d06918') in 0.005086 seconds 
========================================================================
Received Import Request.
  Time since last request: 0.005271 seconds.
  path: Assets/AssetPacks/TextMesh Pro/Shaders/TMP_SDF Overlay.shader
  artifactKey: Guid(dd89cf5b9246416f84610a006f916af7) Importer(815301076,1909f56bfc062723c751e8b465ee728b)
Start importing Assets/AssetPacks/TextMesh Pro/Shaders/TMP_SDF Overlay.shader using Guid(dd89cf5b9246416f84610a006f916af7) Importer(815301076,1909f56bfc062723c751e8b465ee728b)  -> (artifact id: 'cadbd88a16d3a23bf06b166489ce931d') in 0.006382 seconds 
========================================================================
Received Import Request.
  Time since last request: 0.012169 seconds.
  path: Assets/AssetPacks/VoxelCastle/Models/Ram.mtl
  artifactKey: Guid(91c25ab6a6633cc4b8ac968dbfc40501) Importer(815301076,1909f56bfc062723c751e8b465ee728b)
Start importing Assets/AssetPacks/VoxelCastle/Models/Ram.mtl using Guid(91c25ab6a6633cc4b8ac968dbfc40501) Importer(815301076,1909f56bfc062723c751e8b465ee728b)  -> (artifact id: '369755716fb41159d55b3f772e4143a0') in 0.005808 seconds 
========================================================================
Received Import Request.
  Time since last request: 0.008194 seconds.
  path: Assets/AssetPacks/VoxelCastle/Models/Tower_Left.mtl
  artifactKey: Guid(62c37a5abead0d64b91b181c4e6f33a4) Importer(815301076,1909f56bfc062723c751e8b465ee728b)
Start importing Assets/AssetPacks/VoxelCastle/Models/Tower_Left.mtl using Guid(62c37a5abead0d64b91b181c4e6f33a4) Importer(815301076,1909f56bfc062723c751e8b465ee728b)  -> (artifact id: '1c794eb30fd35e7c6679a321180deea7') in 0.006374 seconds 
========================================================================
Received Import Request.
  Time since last request: 0.053630 seconds.
  path: Assets/AssetPacks/TextMesh Pro/Shaders/TMP_Bitmap-Mobile.shader
  artifactKey: Guid(1e3b057af24249748ff873be7fafee47) Importer(815301076,1909f56bfc062723c751e8b465ee728b)
Start importing Assets/AssetPacks/TextMesh Pro/Shaders/TMP_Bitmap-Mobile.shader using Guid(1e3b057af24249748ff873be7fafee47) Importer(815301076,1909f56bfc062723c751e8b465ee728b)  -> (artifact id: 'c37d6df7a2bfbe009b9a8cf6dcfb61ea') in 0.005256 seconds 
========================================================================
Received Import Request.
  Time since last request: 0.004529 seconds.
  path: Assets/AssetPacks/TextMesh Pro/Shaders/TMP_SDF-Mobile Overlay.shader
  artifactKey: Guid(a02a7d8c237544f1962732b55a9aebf1) Importer(815301076,1909f56bfc062723c751e8b465ee728b)
Start importing Assets/AssetPacks/TextMesh Pro/Shaders/TMP_SDF-Mobile Overlay.shader using Guid(a02a7d8c237544f1962732b55a9aebf1) Importer(815301076,1909f56bfc062723c751e8b465ee728b)  -> (artifact id: 'f2ec15896d9d6d5564e59933a54b9c72') in 0.005285 seconds 
========================================================================
Received Import Request.
  Time since last request: 0.032674 seconds.
  path: Assets/AssetPacks/TextMesh Pro/Resources/LineBreaking Leading Characters.txt
  artifactKey: Guid(d82c1b31c7e74239bff1220585707d2b) Importer(815301076,1909f56bfc062723c751e8b465ee728b)
Start importing Assets/AssetPacks/TextMesh Pro/Resources/LineBreaking Leading Characters.txt using Guid(d82c1b31c7e74239bff1220585707d2b) Importer(815301076,1909f56bfc062723c751e8b465ee728b)  -> (artifact id: '55ff7fcf1dc11b21acfd2150599fb6bf') in 0.005347 seconds 
========================================================================
Received Import Request.
  Time since last request: 0.023820 seconds.
  path: Assets/Enemy/ObjectPool.cs
  artifactKey: Guid(368b68d0427562a45a49c8f219dec24a) Importer(815301076,1909f56bfc062723c751e8b465ee728b)
Start importing Assets/Enemy/ObjectPool.cs using Guid(368b68d0427562a45a49c8f219dec24a) Importer(815301076,1909f56bfc062723c751e8b465ee728b)  -> (artifact id: '322eaed8d35adc67857ea19756f0e834') in 0.017615 seconds 
========================================================================
Received Import Request.
  Time since last request: 0.004587 seconds.
  path: Assets/AssetPacks/TextMesh Pro/Shaders/TMP_SDF SSD.shader
  artifactKey: Guid(14eb328de4b8eb245bb7cea29e4ac00b) Importer(815301076,1909f56bfc062723c751e8b465ee728b)
Start importing Assets/AssetPacks/TextMesh Pro/Shaders/TMP_SDF SSD.shader using Guid(14eb328de4b8eb245bb7cea29e4ac00b) Importer(815301076,1909f56bfc062723c751e8b465ee728b)  -> (artifact id: '3895402d5e2487a0ee51e8356eee5f30') in 0.005324 seconds 
========================================================================
Received Import Request.
  Time since last request: 0.004978 seconds.
  path: Assets/AssetPacks/TextMesh Pro/Resources/Fonts & Materials/FORTQUINSY SDF.asset
  artifactKey: Guid(fec7ad5e8ddd74c4e88e137896da8380) Importer(815301076,1909f56bfc062723c751e8b465ee728b)
Start importing Assets/AssetPacks/TextMesh Pro/Resources/Fonts & Materials/FORTQUINSY SDF.asset using Guid(fec7ad5e8ddd74c4e88e137896da8380) Importer(815301076,1909f56bfc062723c751e8b465ee728b)  -> (artifact id: 'e824ed633f5942de6e5b40b2d5dff9cb') in 0.117899 seconds 
========================================================================
Received Import Request.
  Time since last request: 0.006435 seconds.
  path: Assets/AssetPacks/TextMesh Pro/Shaders/TMP_SDF.shader
  artifactKey: Guid(68e6db2ebdc24f95958faec2be5558d6) Importer(815301076,1909f56bfc062723c751e8b465ee728b)
Start importing Assets/AssetPacks/TextMesh Pro/Shaders/TMP_SDF.shader using Guid(68e6db2ebdc24f95958faec2be5558d6) Importer(815301076,1909f56bfc062723c751e8b465ee728b)  -> (artifact id: 'f44a0be886f9ab02f0b8cd012e1bc87e') in 0.005647 seconds 
========================================================================
Received Import Request.
  Time since last request: 0.016253 seconds.
  path: Assets/AssetPacks/TextMesh Pro/Shaders/TMP_SDF-Mobile.shader
  artifactKey: Guid(fe393ace9b354375a9cb14cdbbc28be4) Importer(815301076,1909f56bfc062723c751e8b465ee728b)
Start importing Assets/AssetPacks/TextMesh Pro/Shaders/TMP_SDF-Mobile.shader using Guid(fe393ace9b354375a9cb14cdbbc28be4) Importer(815301076,1909f56bfc062723c751e8b465ee728b)  -> (artifact id: 'd2d66fc37642da001a696c217419915c') in 0.005428 seconds 
========================================================================
Received Import Request.
  Time since last request: 0.016987 seconds.
  path: Assets/AssetPacks/VoxelCastle/Models/Wall_Out.mtl
  artifactKey: Guid(69e096623438efb428172f6210332cc2) Importer(815301076,1909f56bfc062723c751e8b465ee728b)
Start importing Assets/AssetPacks/VoxelCastle/Models/Wall_Out.mtl using Guid(69e096623438efb428172f6210332cc2) Importer(815301076,1909f56bfc062723c751e8b465ee728b)  -> (artifact id: 'fec6482bf886b1de98516ceda3324071') in 0.005054 seconds 
========================================================================
Received Import Request.
  Time since last request: 0.007175 seconds.
  path: Assets/AssetPacks/TextMesh Pro/Shaders/TMP_Bitmap.shader
  artifactKey: Guid(128e987d567d4e2c824d754223b3f3b0) Importer(815301076,1909f56bfc062723c751e8b465ee728b)
Start importing Assets/AssetPacks/TextMesh Pro/Shaders/TMP_Bitmap.shader using Guid(128e987d567d4e2c824d754223b3f3b0) Importer(815301076,1909f56bfc062723c751e8b465ee728b)  -> (artifact id: '4eaa4f2e59b2183068e255f60e3bf704') in 0.005034 seconds 
========================================================================
Received Import Request.
  Time since last request: 0.017878 seconds.
  path: Assets/AssetPacks/TextMesh Pro/Shaders/TMP_SDF-Mobile SSD.shader
  artifactKey: Guid(c8d12adcee749c344b8117cf7c7eb912) Importer(815301076,1909f56bfc062723c751e8b465ee728b)
Start importing Assets/AssetPacks/TextMesh Pro/Shaders/TMP_SDF-Mobile SSD.shader using Guid(c8d12adcee749c344b8117cf7c7eb912) Importer(815301076,1909f56bfc062723c751e8b465ee728b)  -> (artifact id: 'c7544653cf9058f17b5708c31cc5782b') in 0.004916 seconds 
========================================================================
Received Import Request.
  Time since last request: 0.042035 seconds.
  path: Assets/AssetPacks/TextMesh Pro/Sprites/EmojiOne.json
  artifactKey: Guid(8f05276190cf498a8153f6cbe761d4e6) Importer(815301076,1909f56bfc062723c751e8b465ee728b)
Start importing Assets/AssetPacks/TextMesh Pro/Sprites/EmojiOne.json using Guid(8f05276190cf498a8153f6cbe761d4e6) Importer(815301076,1909f56bfc062723c751e8b465ee728b)  -> (artifact id: '9c491a4afbdae75051e2e9640592dc2a') in 0.013057 seconds 
========================================================================
Received Import Request.
  Time since last request: 0.039192 seconds.
  path: Assets/AssetPacks/VoxelCastle/Models/Shore_2.mtl
  artifactKey: Guid(4fdfd9fc4ab87754ca0b18046c67c5ab) Importer(815301076,1909f56bfc062723c751e8b465ee728b)
Start importing Assets/AssetPacks/VoxelCastle/Models/Shore_2.mtl using Guid(4fdfd9fc4ab87754ca0b18046c67c5ab) Importer(815301076,1909f56bfc062723c751e8b465ee728b)  -> (artifact id: 'e391d0ffb61cd715cf1f81fa74d5083a') in 0.005057 seconds 
========================================================================
Received Import Request.
  Time since last request: 0.003549 seconds.
  path: Assets/Tiles/Tiles_Land
  artifactKey: Guid(68906d32ccc713549bb0380de1ee20c1) Importer(815301076,1909f56bfc062723c751e8b465ee728b)
Start importing Assets/Tiles/Tiles_Land using Guid(68906d32ccc713549bb0380de1ee20c1) Importer(815301076,1909f56bfc062723c751e8b465ee728b)  -> (artifact id: '4b5eccc5f7bcd9af4f4af510bce4d88e') in 0.005469 seconds 
========================================================================
Received Import Request.
  Time since last request: 0.005096 seconds.
  path: Assets/AssetPacks/VoxelCastle/Models/Wall_In.mtl
  artifactKey: Guid(8ef67f41a69c19a4baa8193e1916858b) Importer(815301076,1909f56bfc062723c751e8b465ee728b)
Start importing Assets/AssetPacks/VoxelCastle/Models/Wall_In.mtl using Guid(8ef67f41a69c19a4baa8193e1916858b) Importer(815301076,1909f56bfc062723c751e8b465ee728b)  -> (artifact id: '0ac5d96b49e389d6c7e5db41fc7e251d') in 0.005067 seconds 
========================================================================
Received Import Request.
  Time since last request: 0.015970 seconds.
  path: Assets/AssetPacks/VoxelCastle/Models/Gate_1.mtl
  artifactKey: Guid(5a7dfb9f10e63004fb7612c94d35759f) Importer(815301076,1909f56bfc062723c751e8b465ee728b)
Start importing Assets/AssetPacks/VoxelCastle/Models/Gate_1.mtl using Guid(5a7dfb9f10e63004fb7612c94d35759f) Importer(815301076,1909f56bfc062723c751e8b465ee728b)  -> (artifact id: '1435e0d9f34bbada02d9fad395703fea') in 0.005315 seconds 
========================================================================
Received Import Request.
  Time since last request: 0.015927 seconds.
  path: Assets/AssetPacks/TextMesh Pro/Shaders/TMP_SDF-Surface-Mobile.shader
  artifactKey: Guid(85187c2149c549c5b33f0cdb02836b17) Importer(815301076,1909f56bfc062723c751e8b465ee728b)
Start importing Assets/AssetPacks/TextMesh Pro/Shaders/TMP_SDF-Surface-Mobile.shader using Guid(85187c2149c549c5b33f0cdb02836b17) Importer(815301076,1909f56bfc062723c751e8b465ee728b)  -> (artifact id: '6e846822eba9f13090394810126b9963') in 0.004869 seconds 
========================================================================
Received Import Request.
  Time since last request: 0.004652 seconds.
  path: Assets/AssetPacks/TextMesh Pro/Shaders/TMPro_Properties.cginc
  artifactKey: Guid(3997e2241185407d80309a82f9148466) Importer(815301076,1909f56bfc062723c751e8b465ee728b)
Start importing Assets/AssetPacks/TextMesh Pro/Shaders/TMPro_Properties.cginc using Guid(3997e2241185407d80309a82f9148466) Importer(815301076,1909f56bfc062723c751e8b465ee728b)  -> (artifact id: '25b87a6c906e2ff6005352074e70dba6') in 0.005274 seconds 
========================================================================
Received Import Request.
  Time since last request: 0.004619 seconds.
  path: Assets/AssetPacks/VoxelCastle/Models/Bolt.mtl
  artifactKey: Guid(ea58ac34f2be731438c85d76b682ecef) Importer(815301076,1909f56bfc062723c751e8b465ee728b)
Start importing Assets/AssetPacks/VoxelCastle/Models/Bolt.mtl using Guid(ea58ac34f2be731438c85d76b682ecef) Importer(815301076,1909f56bfc062723c751e8b465ee728b)  -> (artifact id: 'ea238a1787d2f38d911632bc9b43f123') in 0.005741 seconds 
========================================================================
Received Import Request.
  Time since last request: 0.014462 seconds.
  path: Assets/AssetPacks/TextMesh Pro/Documentation
  artifactKey: Guid(8e7e8f5a82a3a134e91c54efd2274ea9) Importer(815301076,1909f56bfc062723c751e8b465ee728b)
Start importing Assets/AssetPacks/TextMesh Pro/Documentation using Guid(8e7e8f5a82a3a134e91c54efd2274ea9) Importer(815301076,1909f56bfc062723c751e8b465ee728b)  -> (artifact id: '7f5aa99e36510f23d626084d8be9669f') in 0.004242 seconds 
========================================================================
Received Import Request.
  Time since last request: 0.004777 seconds.
  path: Assets/AssetPacks/TextMesh Pro/Shaders/TMPro.cginc
  artifactKey: Guid(407bc68d299748449bbf7f48ee690f8d) Importer(815301076,1909f56bfc062723c751e8b465ee728b)
Start importing Assets/AssetPacks/TextMesh Pro/Shaders/TMPro.cginc using Guid(407bc68d299748449bbf7f48ee690f8d) Importer(815301076,1909f56bfc062723c751e8b465ee728b)  -> (artifact id: 'a7b84941a55f9012bae7f955040ccce9') in 0.005159 seconds 
========================================================================
Received Import Request.
  Time since last request: 0.010235 seconds.
  path: Assets/AssetPacks/TextMesh Pro/Fonts/LiberationSans - OFL.txt
  artifactKey: Guid(6e59c59b81ab47f9b6ec5781fa725d2c) Importer(815301076,1909f56bfc062723c751e8b465ee728b)
Start importing Assets/AssetPacks/TextMesh Pro/Fonts/LiberationSans - OFL.txt using Guid(6e59c59b81ab47f9b6ec5781fa725d2c) Importer(815301076,1909f56bfc062723c751e8b465ee728b)  -> (artifact id: 'd8ed59a48b952935c94a9302b2b79e3d') in 0.004967 seconds 
========================================================================
Received Import Request.
  Time since last request: 0.003391 seconds.
  path: Assets/AssetPacks/TextMesh Pro/Resources/Style Sheets
  artifactKey: Guid(4aecb92fff08436c8303b10eab8da368) Importer(815301076,1909f56bfc062723c751e8b465ee728b)
Start importing Assets/AssetPacks/TextMesh Pro/Resources/Style Sheets using Guid(4aecb92fff08436c8303b10eab8da368) Importer(815301076,1909f56bfc062723c751e8b465ee728b)  -> (artifact id: '8eb160d1f2f0150837d5eca199ae2098') in 0.005005 seconds 
========================================================================
Received Import Request.
  Time since last request: 0.015113 seconds.
  path: Assets/AssetPacks/TextMesh Pro/Shaders/TMP_SDF-Mobile Masking.shader
  artifactKey: Guid(bc1ede39bf3643ee8e493720e4259791) Importer(815301076,1909f56bfc062723c751e8b465ee728b)
Start importing Assets/AssetPacks/TextMesh Pro/Shaders/TMP_SDF-Mobile Masking.shader using Guid(bc1ede39bf3643ee8e493720e4259791) Importer(815301076,1909f56bfc062723c751e8b465ee728b)  -> (artifact id: '49ed8f43d62babd11a684e0e0f8c6381') in 0.004506 seconds 
========================================================================
Received Import Request.
  Time since last request: 0.019418 seconds.
  path: Assets/Scenes/Game.unity
  artifactKey: Guid(9fc0d4010bbf28b4594072e72b8655ab) Importer(815301076,1909f56bfc062723c751e8b465ee728b)
Start importing Assets/Scenes/Game.unity using Guid(9fc0d4010bbf28b4594072e72b8655ab) Importer(815301076,1909f56bfc062723c751e8b465ee728b)  -> (artifact id: '68b2390f770656c421c2c5a35ca4b685') in 0.004642 seconds 
========================================================================
Received Import Request.
  Time since last request: 0.003864 seconds.
  path: Assets/AssetPacks/TextMesh Pro/Shaders/TMPro_Mobile.cginc
  artifactKey: Guid(c334973cef89a9840b0b0c507e0377ab) Importer(815301076,1909f56bfc062723c751e8b465ee728b)
Start importing Assets/AssetPacks/TextMesh Pro/Shaders/TMPro_Mobile.cginc using Guid(c334973cef89a9840b0b0c507e0377ab) Importer(815301076,1909f56bfc062723c751e8b465ee728b)  -> (artifact id: '858a7b7b43960fe146a89d5439ebbdfb') in 0.005214 seconds 
========================================================================
Received Import Request.
  Time since last request: 0.009427 seconds.
  path: Assets/Enemy/EnemyMover.cs
  artifactKey: Guid(41fca5e0f367655459d869b2bea889f2) Importer(815301076,1909f56bfc062723c751e8b465ee728b)
Start importing Assets/Enemy/EnemyMover.cs using Guid(41fca5e0f367655459d869b2bea889f2) Importer(815301076,1909f56bfc062723c751e8b465ee728b)  -> (artifact id: '5aa88a2e01af4bc34e7e15e5e3ce1890') in 0.004884 seconds 
========================================================================
Received Import Request.
  Time since last request: 0.022113 seconds.
  path: Assets/AssetPacks/TextMesh Pro/Shaders/TMP_SDF-Surface.shader
  artifactKey: Guid(f7ada0af4f174f0694ca6a487b8f543d) Importer(815301076,1909f56bfc062723c751e8b465ee728b)
Start importing Assets/AssetPacks/TextMesh Pro/Shaders/TMP_SDF-Surface.shader using Guid(f7ada0af4f174f0694ca6a487b8f543d) Importer(815301076,1909f56bfc062723c751e8b465ee728b)  -> (artifact id: '63716ab5664d10512498b485ab5c4f72') in 0.005021 seconds 
========================================================================
Received Import Request.
  Time since last request: 0.044805 seconds.
  path: Assets/AssetPacks/VoxelCastle/Models/Tower_Straight.mtl
  artifactKey: Guid(8c265a5bd6cae4c4895e50ef1418602a) Importer(815301076,1909f56bfc062723c751e8b465ee728b)
Start importing Assets/AssetPacks/VoxelCastle/Models/Tower_Straight.mtl using Guid(8c265a5bd6cae4c4895e50ef1418602a) Importer(815301076,1909f56bfc062723c751e8b465ee728b)  -> (artifact id: '2b21b793fd4bb3b22d8938cbcf48560f') in 0.004968 seconds 
========================================================================
Received Import Request.
  Time since last request: 0.018675 seconds.
  path: Assets/AssetPacks/VoxelCastle/Models/Tree_Group.mtl
  artifactKey: Guid(77c582c8a8f47fb41b96e7570aec1bb1) Importer(815301076,1909f56bfc062723c751e8b465ee728b)
Start importing Assets/AssetPacks/VoxelCastle/Models/Tree_Group.mtl using Guid(77c582c8a8f47fb41b96e7570aec1bb1) Importer(815301076,1909f56bfc062723c751e8b465ee728b)  -> (artifact id: '69cea862af9acd905e68e622e4fdd1f0') in 0.004950 seconds 
========================================================================
Received Import Request.
  Time since last request: 0.006826 seconds.
  path: Assets/AssetPacks/TextMesh Pro/Sprites
  artifactKey: Guid(d0603b6d5186471b96c778c3949c7ce2) Importer(815301076,1909f56bfc062723c751e8b465ee728b)
Start importing Assets/AssetPacks/TextMesh Pro/Sprites using Guid(d0603b6d5186471b96c778c3949c7ce2) Importer(815301076,1909f56bfc062723c751e8b465ee728b)  -> (artifact id: 'c825b4ecabc52a724fdd8944d5209777') in 0.004466 seconds 
========================================================================
Received Import Request.
  Time since last request: 0.003961 seconds.
  path: Assets/AssetPacks/VoxelCastle/Models/Shore_1.mtl
  artifactKey: Guid(2065dc23d1af59d4397aedb8955c0656) Importer(815301076,1909f56bfc062723c751e8b465ee728b)
Start importing Assets/AssetPacks/VoxelCastle/Models/Shore_1.mtl using Guid(2065dc23d1af59d4397aedb8955c0656) Importer(815301076,1909f56bfc062723c751e8b465ee728b)  -> (artifact id: '2c985c57720ff525ebaa2a793b1bb58a') in 0.004652 seconds 
========================================================================
Received Import Request.
  Time since last request: 0.022013 seconds.
  path: Assets/AssetPacks/TextMesh Pro/Documentation/TextMesh Pro User Guide 2016.pdf
  artifactKey: Guid(1b8d251f9af63b746bf2f7ffe00ebb9b) Importer(815301076,1909f56bfc062723c751e8b465ee728b)
Start importing Assets/AssetPacks/TextMesh Pro/Documentation/TextMesh Pro User Guide 2016.pdf using Guid(1b8d251f9af63b746bf2f7ffe00ebb9b) Importer(815301076,1909f56bfc062723c751e8b465ee728b)  -> (artifact id: '68a8cd0d128e2de1afc31d38fd538062') in 0.007904 seconds 
========================================================================
Received Import Request.
  Time since last request: 0.018295 seconds.
  path: Assets/AssetPacks/VoxelCastle/Models/Grass.mtl
  artifactKey: Guid(2e71d389abda7ec4cae72dad61fd5c84) Importer(815301076,1909f56bfc062723c751e8b465ee728b)
Start importing Assets/AssetPacks/VoxelCastle/Models/Grass.mtl using Guid(2e71d389abda7ec4cae72dad61fd5c84) Importer(815301076,1909f56bfc062723c751e8b465ee728b)  -> (artifact id: '834928ad70b87c20a033322cdb5b9e3b') in 0.004595 seconds 
AssetImportWorkerClient::OnTransportError - code=2 error=End of file
